{"/home/blackjak/bitjws-js-middleware/dist/bitws-js-middleware.js":{"path":"/home/blackjak/bitjws-js-middleware/dist/bitws-js-middleware.js","s":{"1":1,"2":1,"3":1,"4":1,"5":1,"6":1,"7":1,"8":1,"9":1,"10":1,"11":1,"12":1,"13":1,"14":1,"15":1,"16":1,"17":1,"18":0,"19":0,"20":0,"21":1},"b":{"1":[1,0],"2":[1,0],"3":[0,0]},"f":{"1":1,"2":1,"3":1,"4":1,"5":0},"fnMap":{"1":{"name":"(anonymous_1)","line":7,"loc":{"start":{"line":7,"column":17},"end":{"line":7,"column":50}}},"2":{"name":"(anonymous_2)","line":19,"loc":{"start":{"line":19,"column":22},"end":{"line":19,"column":36}}},"3":{"name":"(anonymous_3)","line":23,"loc":{"start":{"line":23,"column":34},"end":{"line":23,"column":64}}},"4":{"name":"(anonymous_4)","line":34,"loc":{"start":{"line":34,"column":16},"end":{"line":34,"column":27}}},"5":{"name":"(anonymous_5)","line":39,"loc":{"start":{"line":39,"column":15},"end":{"line":39,"column":31}}}},"statementMap":{"1":{"start":{"line":4,"column":0},"end":{"line":4,"column":40}},"2":{"start":{"line":5,"column":0},"end":{"line":5,"column":34}},"3":{"start":{"line":7,"column":0},"end":{"line":50,"column":1}},"4":{"start":{"line":11,"column":4},"end":{"line":11,"column":25}},"5":{"start":{"line":12,"column":4},"end":{"line":12,"column":21}},"6":{"start":{"line":14,"column":4},"end":{"line":15,"column":54}},"7":{"start":{"line":15,"column":8},"end":{"line":15,"column":54}},"8":{"start":{"line":19,"column":4},"end":{"line":21,"column":6}},"9":{"start":{"line":20,"column":8},"end":{"line":20,"column":23}},"10":{"start":{"line":23,"column":4},"end":{"line":27,"column":6}},"11":{"start":{"line":24,"column":8},"end":{"line":24,"column":84}},"12":{"start":{"line":25,"column":8},"end":{"line":25,"column":45}},"13":{"start":{"line":26,"column":8},"end":{"line":26,"column":20}},"14":{"start":{"line":31,"column":4},"end":{"line":47,"column":7}},"15":{"start":{"line":35,"column":12},"end":{"line":35,"column":57}},"16":{"start":{"line":36,"column":12},"end":{"line":37,"column":31}},"17":{"start":{"line":37,"column":16},"end":{"line":37,"column":31}},"18":{"start":{"line":40,"column":12},"end":{"line":40,"column":82}},"19":{"start":{"line":41,"column":12},"end":{"line":42,"column":31}},"20":{"start":{"line":42,"column":16},"end":{"line":42,"column":31}},"21":{"start":{"line":49,"column":4},"end":{"line":49,"column":18}}},"branchMap":{"1":{"line":14,"type":"if","locations":[{"start":{"line":14,"column":4},"end":{"line":14,"column":4}},{"start":{"line":14,"column":4},"end":{"line":14,"column":4}}]},"2":{"line":36,"type":"if","locations":[{"start":{"line":36,"column":12},"end":{"line":36,"column":12}},{"start":{"line":36,"column":12},"end":{"line":36,"column":12}}]},"3":{"line":41,"type":"if","locations":[{"start":{"line":41,"column":12},"end":{"line":41,"column":12}},{"start":{"line":41,"column":12},"end":{"line":41,"column":12}}]}}},"/home/blackjak/bitjws-js-middleware/dist/bitws-js-middleware.min.js":{"path":"/home/blackjak/bitjws-js-middleware/dist/bitws-js-middleware.min.js","s":{"1":1,"2":1,"3":0,"4":0,"5":0,"6":0,"7":0,"8":0,"9":0,"10":0},"b":{"1":[0,0],"2":[0,0],"3":[0,0]},"f":{"1":0,"2":0,"3":0,"4":0,"5":0},"fnMap":{"1":{"name":"(anonymous_1)","line":2,"loc":{"start":{"line":2,"column":81},"end":{"line":2,"column":96}}},"2":{"name":"(anonymous_2)","line":2,"loc":{"start":{"line":2,"column":185},"end":{"line":2,"column":196}}},"3":{"name":"(anonymous_3)","line":2,"loc":{"start":{"line":2,"column":234},"end":{"line":2,"column":247}}},"4":{"name":"(anonymous_4)","line":2,"loc":{"start":{"line":2,"column":402},"end":{"line":2,"column":412}}},"5":{"name":"(anonymous_5)","line":2,"loc":{"start":{"line":2,"column":474},"end":{"line":2,"column":485}}}},"statementMap":{"1":{"start":{"line":2,"column":0},"end":{"line":2,"column":66}},"2":{"start":{"line":2,"column":66},"end":{"line":2,"column":611}},"3":{"start":{"line":2,"column":97},"end":{"line":2,"column":179}},"4":{"start":{"line":2,"column":179},"end":{"line":2,"column":209}},"5":{"start":{"line":2,"column":197},"end":{"line":2,"column":207}},"6":{"start":{"line":2,"column":209},"end":{"line":2,"column":609}},"7":{"start":{"line":2,"column":248},"end":{"line":2,"column":309}},"8":{"start":{"line":2,"column":309},"end":{"line":2,"column":340}},"9":{"start":{"line":2,"column":413},"end":{"line":2,"column":466}},"10":{"start":{"line":2,"column":486},"end":{"line":2,"column":558}}},"branchMap":{"1":{"line":2,"type":"binary-expr","locations":[{"start":{"line":2,"column":123},"end":{"line":2,"column":133}},{"start":{"line":2,"column":136},"end":{"line":2,"column":177}}]},"2":{"line":2,"type":"binary-expr","locations":[{"start":{"line":2,"column":458},"end":{"line":2,"column":459}},{"start":{"line":2,"column":461},"end":{"line":2,"column":466}}]},"3":{"line":2,"type":"binary-expr","locations":[{"start":{"line":2,"column":550},"end":{"line":2,"column":551}},{"start":{"line":2,"column":553},"end":{"line":2,"column":558}}]}}}}