{"/home/blackjak/bitjws-js-client/dist/bitws-js-middleware.js":{"path":"/home/blackjak/bitjws-js-client/dist/bitws-js-middleware.js","s":{"1":1,"2":1,"3":1,"4":1,"5":1,"6":1,"7":1,"8":1,"9":1,"10":1,"11":1,"12":1,"13":1,"14":1,"15":1,"16":1,"17":0,"18":0,"19":0,"20":1},"b":{"1":[1,0],"2":[1,0],"3":[0,0]},"f":{"1":1,"2":1,"3":1,"4":1,"5":0},"fnMap":{"1":{"name":"(anonymous_1)","line":7,"loc":{"start":{"line":7,"column":17},"end":{"line":7,"column":50}}},"2":{"name":"(anonymous_2)","line":18,"loc":{"start":{"line":18,"column":22},"end":{"line":18,"column":36}}},"3":{"name":"(anonymous_3)","line":22,"loc":{"start":{"line":22,"column":34},"end":{"line":22,"column":64}}},"4":{"name":"(anonymous_4)","line":33,"loc":{"start":{"line":33,"column":16},"end":{"line":33,"column":27}}},"5":{"name":"(anonymous_5)","line":38,"loc":{"start":{"line":38,"column":15},"end":{"line":38,"column":31}}}},"statementMap":{"1":{"start":{"line":4,"column":0},"end":{"line":4,"column":40}},"2":{"start":{"line":5,"column":0},"end":{"line":5,"column":34}},"3":{"start":{"line":7,"column":0},"end":{"line":49,"column":1}},"4":{"start":{"line":11,"column":4},"end":{"line":11,"column":22}},"5":{"start":{"line":13,"column":4},"end":{"line":14,"column":47}},"6":{"start":{"line":14,"column":8},"end":{"line":14,"column":47}},"7":{"start":{"line":18,"column":4},"end":{"line":20,"column":6}},"8":{"start":{"line":19,"column":8},"end":{"line":19,"column":23}},"9":{"start":{"line":22,"column":4},"end":{"line":26,"column":6}},"10":{"start":{"line":23,"column":8},"end":{"line":23,"column":77}},"11":{"start":{"line":24,"column":8},"end":{"line":24,"column":45}},"12":{"start":{"line":25,"column":8},"end":{"line":25,"column":20}},"13":{"start":{"line":30,"column":4},"end":{"line":46,"column":7}},"14":{"start":{"line":34,"column":12},"end":{"line":34,"column":57}},"15":{"start":{"line":35,"column":12},"end":{"line":36,"column":31}},"16":{"start":{"line":36,"column":16},"end":{"line":36,"column":31}},"17":{"start":{"line":39,"column":12},"end":{"line":39,"column":82}},"18":{"start":{"line":40,"column":12},"end":{"line":41,"column":31}},"19":{"start":{"line":41,"column":16},"end":{"line":41,"column":31}},"20":{"start":{"line":48,"column":4},"end":{"line":48,"column":18}}},"branchMap":{"1":{"line":13,"type":"if","locations":[{"start":{"line":13,"column":4},"end":{"line":13,"column":4}},{"start":{"line":13,"column":4},"end":{"line":13,"column":4}}]},"2":{"line":35,"type":"if","locations":[{"start":{"line":35,"column":12},"end":{"line":35,"column":12}},{"start":{"line":35,"column":12},"end":{"line":35,"column":12}}]},"3":{"line":40,"type":"if","locations":[{"start":{"line":40,"column":12},"end":{"line":40,"column":12}},{"start":{"line":40,"column":12},"end":{"line":40,"column":12}}]}}},"/home/blackjak/bitjws-js-client/dist/bitws-js-middleware.min.js":{"path":"/home/blackjak/bitjws-js-client/dist/bitws-js-middleware.min.js","s":{"1":1,"2":1,"3":0,"4":0,"5":0,"6":0,"7":0,"8":0,"9":0,"10":0,"11":0},"b":{"1":[0,0],"2":[0,0],"3":[0,0]},"f":{"1":0,"2":0,"3":0,"4":0,"5":0},"fnMap":{"1":{"name":"(anonymous_1)","line":2,"loc":{"start":{"line":2,"column":81},"end":{"line":2,"column":96}}},"2":{"name":"(anonymous_2)","line":2,"loc":{"start":{"line":2,"column":149},"end":{"line":2,"column":160}}},"3":{"name":"(anonymous_3)","line":2,"loc":{"start":{"line":2,"column":198},"end":{"line":2,"column":211}}},"4":{"name":"(anonymous_4)","line":2,"loc":{"start":{"line":2,"column":348},"end":{"line":2,"column":358}}},"5":{"name":"(anonymous_5)","line":2,"loc":{"start":{"line":2,"column":420},"end":{"line":2,"column":431}}}},"statementMap":{"1":{"start":{"line":2,"column":0},"end":{"line":2,"column":66}},"2":{"start":{"line":2,"column":66},"end":{"line":2,"column":548}},"3":{"start":{"line":2,"column":97},"end":{"line":2,"column":105}},"4":{"start":{"line":2,"column":105},"end":{"line":2,"column":143}},"5":{"start":{"line":2,"column":143},"end":{"line":2,"column":173}},"6":{"start":{"line":2,"column":161},"end":{"line":2,"column":171}},"7":{"start":{"line":2,"column":173},"end":{"line":2,"column":546}},"8":{"start":{"line":2,"column":212},"end":{"line":2,"column":264}},"9":{"start":{"line":2,"column":264},"end":{"line":2,"column":295}},"10":{"start":{"line":2,"column":359},"end":{"line":2,"column":412}},"11":{"start":{"line":2,"column":432},"end":{"line":2,"column":504}}},"branchMap":{"1":{"line":2,"type":"binary-expr","locations":[{"start":{"line":2,"column":105},"end":{"line":2,"column":106}},{"start":{"line":2,"column":109},"end":{"line":2,"column":141}}]},"2":{"line":2,"type":"binary-expr","locations":[{"start":{"line":2,"column":404},"end":{"line":2,"column":405}},{"start":{"line":2,"column":407},"end":{"line":2,"column":412}}]},"3":{"line":2,"type":"binary-expr","locations":[{"start":{"line":2,"column":496},"end":{"line":2,"column":497}},{"start":{"line":2,"column":499},"end":{"line":2,"column":504}}]}}}}