TN:
SF:/home/blackjak/bitjws-js-client/dist/bitws-js-middleware.js
FN:7,(anonymous_1)
FN:18,(anonymous_2)
FN:22,(anonymous_3)
FN:33,(anonymous_4)
FN:38,(anonymous_5)
FNF:5
FNH:4
FNDA:1,(anonymous_1)
FNDA:1,(anonymous_2)
FNDA:1,(anonymous_3)
FNDA:1,(anonymous_4)
FNDA:0,(anonymous_5)
DA:4,1
DA:5,1
DA:7,1
DA:11,1
DA:13,1
DA:14,1
DA:18,1
DA:19,1
DA:22,1
DA:23,1
DA:24,1
DA:25,1
DA:30,1
DA:34,1
DA:35,1
DA:36,1
DA:39,0
DA:40,0
DA:41,0
DA:48,1
LF:20
LH:17
BRDA:13,1,0,1
BRDA:13,1,1,0
BRDA:35,2,0,1
BRDA:35,2,1,0
BRDA:40,3,0,0
BRDA:40,3,1,0
BRF:6
BRH:2
end_of_record
TN:
SF:/home/blackjak/bitjws-js-client/dist/bitws-js-middleware.min.js
FN:2,(anonymous_1)
FN:2,(anonymous_2)
FN:2,(anonymous_3)
FN:2,(anonymous_4)
FN:2,(anonymous_5)
FNF:5
FNH:0
FNDA:0,(anonymous_1)
FNDA:0,(anonymous_2)
FNDA:0,(anonymous_3)
FNDA:0,(anonymous_4)
FNDA:0,(anonymous_5)
DA:2,1
LF:1
LH:1
BRDA:2,1,0,0
BRDA:2,1,1,0
BRDA:2,2,0,0
BRDA:2,2,1,0
BRDA:2,3,0,0
BRDA:2,3,1,0
BRF:6
BRH:0
end_of_record
