TN:
SF:/home/blackjak/bitjws-js-middleware/dist/bitws-js-middleware.js
FN:7,(anonymous_1)
FN:19,(anonymous_2)
FN:23,(anonymous_3)
FN:34,(anonymous_4)
FN:39,(anonymous_5)
FNF:5
FNH:4
FNDA:1,(anonymous_1)
FNDA:1,(anonymous_2)
FNDA:1,(anonymous_3)
FNDA:1,(anonymous_4)
FNDA:0,(anonymous_5)
DA:4,1
DA:5,1
DA:7,1
DA:11,1
DA:12,1
DA:14,1
DA:15,1
DA:19,1
DA:20,1
DA:23,1
DA:24,1
DA:25,1
DA:26,1
DA:31,1
DA:35,1
DA:36,1
DA:37,1
DA:40,0
DA:41,0
DA:42,0
DA:49,1
LF:21
LH:18
BRDA:14,1,0,1
BRDA:14,1,1,0
BRDA:36,2,0,1
BRDA:36,2,1,0
BRDA:41,3,0,0
BRDA:41,3,1,0
BRF:6
BRH:2
end_of_record
TN:
SF:/home/blackjak/bitjws-js-middleware/dist/bitws-js-middleware.min.js
FN:2,(anonymous_1)
FN:2,(anonymous_2)
FN:2,(anonymous_3)
FN:2,(anonymous_4)
FN:2,(anonymous_5)
FNF:5
FNH:0
FNDA:0,(anonymous_1)
FNDA:0,(anonymous_2)
FNDA:0,(anonymous_3)
FNDA:0,(anonymous_4)
FNDA:0,(anonymous_5)
DA:2,1
LF:1
LH:1
BRDA:2,1,0,0
BRDA:2,1,1,0
BRDA:2,2,0,0
BRDA:2,2,1,0
BRDA:2,3,0,0
BRDA:2,3,1,0
BRF:6
BRH:0
end_of_record
